2020-08-15 00:42:56,714 DEBUG: URL being requested: GET https://photoslibrary.googleapis.com/v1/mediaItems?pageSize=25&alt=json
2020-08-15 00:42:57,301 DEBUG: finish list method
2020-08-15 00:42:57,301 DEBUG:                                                    id                                         productUrl  ...                                           filename description
0   AO8DQq3xJ7OnMFCbYk9Sgl5oIbugUHNG0YzrKn6tdn5V6W...  https://photos.google.com/lr/photo/AO8DQq3xJ7O...  ...                                   download (3).jpg         NaN
1   AO8DQq0U-THQdemuPSWBZTjUD2TBDbjMJ3XE6Wjsy6Y-mu...  https://photos.google.com/lr/photo/AO8DQq0U-TH...  ...                                          cute5.jpg         NaN
2   AO8DQq3l7ZhhLu2cL_QsSV6cuYLMZozkFQYk-DNM7E60H8...  https://photos.google.com/lr/photo/AO8DQq3l7Zh...  ...  united-kingdom-folkestone-sunny-day-playing-on...         NaN
3   AO8DQq1Z8iFLYvMl2J8rE8b5cEl_2YqtCp7aJtL2Rupt45...  https://photos.google.com/lr/photo/AO8DQq1Z8iF...  ...            beach-boy-child-enjoyment-thumbnail.jpg         NaN
4   AO8DQq0xgeYevmzfTjIGYpXX0ROH--leJLwAmbkCsUAP0W...  https://photos.google.com/lr/photo/AO8DQq0xgeY...  ...                                          cute4.jpg         NaN
5   AO8DQq0LyIS-tc9B1pLU85Fdn5IyqNoKXfYNZmpawfbA33...  https://photos.google.com/lr/photo/AO8DQq0LyIS...  ...                                          cute3.jpg         NaN
6   AO8DQq3R0p3-7FaMbh5yHiS2wbNaqMXWXc0Lp7VSxu5Nyk...  https://photos.google.com/lr/photo/AO8DQq3R0p3...  ...                   guy-man-woman-girl-thumbnail.jpg         NaN
7   AO8DQq1BMYqQAUox-R3ATrfvttnT_kChTg7kjrQBSFUX2a...  https://photos.google.com/lr/photo/AO8DQq1BMYq...  ...                                          cute2.jpg         NaN
8   AO8DQq2QiI2UlGDTK0d9fe37xvx8xXLg7xvdIoF0nayRDz...  https://photos.google.com/lr/photo/AO8DQq2QiI2...  ...                                 15533156982868.jpg         NaN
9   AO8DQq219OZdo08-K6eRCGjDU0xKnDKhyJGfJli_70H80T...  https://photos.google.com/lr/photo/AO8DQq219OZ...  ...                        children-391264_960_720.jpg         NaN
10  AO8DQq1djLsa9j5rPxOIjoJFm9rvfxwAnu_IvomCBHQIO5...  https://photos.google.com/lr/photo/AO8DQq1djLs...  ...                                   download (2).jpg         NaN
11  AO8DQq13dT_8xpVFNI-hXhBvIRe7vbmsyKEhNbsQ1Ps2NT...  https://photos.google.com/lr/photo/AO8DQq13dT_...  ...                                          photo.jpg         NaN
12  AO8DQq0dmG7dvDRQhgVtRBkb22l5si1KpOHSfJYUoFka9i...  https://photos.google.com/lr/photo/AO8DQq0dmG7...  ...                                   c14040702_2s.jpg         NaN
13  AO8DQq0A9lfojkRcVxJALk79UHRbil2KIvsOZjYZK4GJoD...  https://photos.google.com/lr/photo/AO8DQq0A9lf...  ...                                   download (1).jpg         NaN
14  AO8DQq0s4mXJLPXPpHEwrfVaQUePdGNlzZarB6xj2aYOWO...  https://photos.google.com/lr/photo/AO8DQq0s4mX...  ...                                    unnamed (2).jpg         NaN
15  AO8DQq2v_cQN3hYpFJqDDF9dfVDqvZdk74QdbA-VnJrwew...  https://photos.google.com/lr/photo/AO8DQq2v_cQ...  ...  20181203161320_d41d8cd98f00b204e9800998ecf8427...         NaN
16  AO8DQq2qibpgCtnbBFgla5XptU0pVCJbfAhnMPSusvcdKh...  https://photos.google.com/lr/photo/AO8DQq2qibp...  ...                                 BD0300_P_02_02.jpg         NaN
17  AO8DQq2AwpIDaGGUoaa7-ohsm6ikIuHuAgaB7ABHQli25r...  https://photos.google.com/lr/photo/AO8DQq2AwpI...  ...                                   91908-498727.jpg         NaN
18  AO8DQq0D9bl12fZuslGvpulHy-ttfAASuuM_4WJjheDVuV...  https://photos.google.com/lr/photo/AO8DQq0D9bl...  ...                                    unnamed (1).jpg       西裝 正式
19  AO8DQq3kt4XWLW5neE085F5E0MDBZqQo9Sxiadvvu-ju81...  https://photos.google.com/lr/photo/AO8DQq3kt4X...  ...                                         下載 (1).jpg       西裝 正式
20  AO8DQq2Nknb5AHYuzk9DAQBqtpmLt8fXimZSxfgJEtRztm...  https://photos.google.com/lr/photo/AO8DQq2Nknb...  ...    rS10vGmGufIA__aoDuGNsHA_k2_BEzsPPiC5nT4guZ0.jpg       西裝 正式
21  AO8DQq2xVfxDw7-gGg4MFILXOO8Tgm8YItAp-Tm2htBNK4...  https://photos.google.com/lr/photo/AO8DQq2xVfx...  ...                                             下載.jpg         NaN
22  AO8DQq3SYdUI1hBnehUscvM-uW8lG2CsCxx7fpV9bhTTMF...  https://photos.google.com/lr/photo/AO8DQq3SYdU...  ...                 Taylor%20Swift_16_9_1588259934.jpg         NaN
23  AO8DQq3cw1FItlwvZg8Vtm6X7_SO8C1Y2n4MEfj60Dccoi...  https://photos.google.com/lr/photo/AO8DQq3cw1F...  ...                                       DSC_0783.JPG         NaN

[24 rows x 7 columns]
2020-08-15 00:42:57,321 DEBUG: URL being requested: GET https://photoslibrary.googleapis.com/v1/mediaItems/AO8DQq3xJ7OnMFCbYk9Sgl5oIbugUHNG0YzrKn6tdn5V6WC1D2YazE1uKpnOgebmSshPQZNHGW5DQcwBBOtRJGsYrQba2sRtuA?alt=json
2020-08-15 00:42:58,582 DEBUG: {'id': 'AO8DQq3xJ7OnMFCbYk9Sgl5oIbugUHNG0YzrKn6tdn5V6WC1D2YazE1uKpnOgebmSshPQZNHGW5DQcwBBOtRJGsYrQba2sRtuA', 'productUrl': 'https://photos.google.com/lr/photo/AO8DQq3xJ7OnMFCbYk9Sgl5oIbugUHNG0YzrKn6tdn5V6WC1D2YazE1uKpnOgebmSshPQZNHGW5DQcwBBOtRJGsYrQba2sRtuA', 'baseUrl': 'https://lh3.googleusercontent.com/lr/AFBm1_aR_xNvbpp_WfESkqCEgaLz9i2Z5GrPJgqyU6Sh8QuI2-JMuRGprsNak2ZAf1ktORVLWO8AF_cfyaIcQwEQyNm8CwURlywvWrnQ7nKyDRW37WTdZZ7gesSjlClzeaYWshiiI7wQ_eWnYvDGE-CUuPwhkskk1jn-T3BMOuou1bP69KBA5UqruuLpVn6uJDyU3ewyTH4KM663BvqSbduNZl8Txp2V3BcBto54yZBF2HmrSAtal8B_eoP5WQg91vNQfr0HOMHe0iP_bUx9g_n5AQufGjl18iaYDJ6EOYg23rcgqqyGnT6s1aSl9X12PVmrEOvbNih1dv8-E7zOuQg9qf6EMIy0ogIQSBIviI3HI7PfpWPpVzE6bvgEDhMB4kuTaiBhGS8vHqva93hfNCcfssJ4RcFS3PLMko1G8y7gZOYASzjuQk8IwHaVTlO6qXzA_82QHjp6eFkD2tOGkqERWu3zqzYNttAF4eZPck3laRoNRGKsYhISSwoOvIH8fpUhS1cuH_YK3Icbu3YL31w8XemuSI4pxmk6Feab8r7gn7lODvP96GlcY_J6sDpRjMG87ca4fCy7cdNNq8ywA3vSFzNVbP1on2aJcr4ngS57DHWg-w8kKUdGzjRusS1GJhM9XSbOJq-GhCHYi51SFO_Nej14kZJb_27UZSe4HjIAjw2VqpVs7FyCEB2iL67jlh7K7thziuYT4GdzSW1VSampv0PAxvYLqS_vKg4NvIlBmDK14QEMbKTXgh9yOj7wb9qFfucIPtH3Nhig-2cUnnIbP35avB9xz2HhYJpjqZiOqZG4ZCvu_s9iBdf3-8O2Ssf_mCM', 'mimeType': 'image/jpeg', 'mediaMetadata': {'creationTime': '2020-08-10T11:11:06Z', 'width': '271', 'height': '186', 'photo': {}}, 'filename': 'download (3).jpg'}
2020-08-15 00:42:58,582 DEBUG: image
2020-08-15 00:42:58,582 DEBUG: finish get method
2020-08-15 00:42:58,608 DEBUG: Starting new HTTPS connection (1): lh3.googleusercontent.com:443
2020-08-15 00:42:58,703 DEBUG: https://lh3.googleusercontent.com:443 "GET /lr/AFBm1_aR_xNvbpp_WfESkqCEgaLz9i2Z5GrPJgqyU6Sh8QuI2-JMuRGprsNak2ZAf1ktORVLWO8AF_cfyaIcQwEQyNm8CwURlywvWrnQ7nKyDRW37WTdZZ7gesSjlClzeaYWshiiI7wQ_eWnYvDGE-CUuPwhkskk1jn-T3BMOuou1bP69KBA5UqruuLpVn6uJDyU3ewyTH4KM663BvqSbduNZl8Txp2V3BcBto54yZBF2HmrSAtal8B_eoP5WQg91vNQfr0HOMHe0iP_bUx9g_n5AQufGjl18iaYDJ6EOYg23rcgqqyGnT6s1aSl9X12PVmrEOvbNih1dv8-E7zOuQg9qf6EMIy0ogIQSBIviI3HI7PfpWPpVzE6bvgEDhMB4kuTaiBhGS8vHqva93hfNCcfssJ4RcFS3PLMko1G8y7gZOYASzjuQk8IwHaVTlO6qXzA_82QHjp6eFkD2tOGkqERWu3zqzYNttAF4eZPck3laRoNRGKsYhISSwoOvIH8fpUhS1cuH_YK3Icbu3YL31w8XemuSI4pxmk6Feab8r7gn7lODvP96GlcY_J6sDpRjMG87ca4fCy7cdNNq8ywA3vSFzNVbP1on2aJcr4ngS57DHWg-w8kKUdGzjRusS1GJhM9XSbOJq-GhCHYi51SFO_Nej14kZJb_27UZSe4HjIAjw2VqpVs7FyCEB2iL67jlh7K7thziuYT4GdzSW1VSampv0PAxvYLqS_vKg4NvIlBmDK14QEMbKTXgh9yOj7wb9qFfucIPtH3Nhig-2cUnnIbP35avB9xz2HhYJpjqZiOqZG4ZCvu_s9iBdf3-8O2Ssf_mCM=d HTTP/1.1" 200 8935
